version: (200506)

available memory: 64M bytes
used memory: 81920 bytes [need 80K bytes if disable swap]

used block: 3 [memory(3) file(0)]
                 [ 8K(2) 64K(1) { total 80K bytes } ]
overhead: (9514) bytes for (3) blocks [Average: (3171) bytes/block]

write  => 0(times) 0K(bytes) [0K bytes to file]
read   => 1(times) 49K(bytes) [8K bytes compressed data from file]
access => 18570(times) 148M(bytes)
          [hit ratio: 99.9946%]

time: write(0) read(0)  unit: second

swap file directory: (/data/enorman/vortex4dice/dice_new/tb/cgra_core/dispatcher/regfile/verdiLog)
used swap file number: (1)



swap file manager:
arrSize: (256)
idxCnt: (4)
closeHead: (1)
closeTail: (2)
openCnt: (2)
fid(3): fd(0) fileName(/data/enorman/vortex4dice/dice_new/tb/cgra_core/dispatcher/regfile/simv.daidir/kdb.elab++/work.lib++/reg_wr_buffer_tb.sv.tdc)
	size(12712) lastModTime(1770196011) curModTime(1770196011)
	mode(rb)	hot(0) cool(0) pos(0)
fid(2): fd(31) fileName(/data/enorman/vortex4dice/dice_new/tb/cgra_core/dispatcher/regfile/verdiLog/_swap_0001#-300781726#594353)
	size(0) lastModTime(0) curModTime(1770196096)
	mode(w+b)	hot(0) cool(1) pos(0)
fid(1): fd(1073741824) fileName(/data/enorman/vortex4dice/dice_new/tb/cgra_core/dispatcher/regfile/simv.daidir/kdb.elab++/work.lib++/dice_rf_ctrl_tb.sv.tdc)
	size(13699) lastModTime(1770196011) curModTime(1770196011)
	mode(rb)	hot(2) cool(0) pos(0)
fid(0): fd(0) fileName(NULL)
	mode(NULL)	hot(0) cool(0) pos(0)
==================================================
mySelf(0x211ed6f0) pre(0x21d476c0) next((nil))
version(200506)
date(May 31 2025 20:21:53)
