============================================================
  Generated by:           Genus(TM) Synthesis Solution 25.10-p002_1
  Generated on:           Feb 26 2026  04:46:49 pm
  Module:                 dice_rf_ctrl
  Operating conditions:   slow 
  Interconnect mode:      global
  Area mode:              physical library
============================================================

         Instance                                                 Module                                         Cell-Count  Cell-Area  Net-Area   Total-Area 
--------------------------------------------------------------------------------------------------------------------------------------------------------------
dice_rf_ctrl              NA                                                                                          11468  29840.944 14414.864    44255.808 
  genblk2[0].u_wr_ctrl    dice_wr_ctrl_bank_WIDTH8_DEPTH32_ADDR_WIDTH5_BUF_DEPTH8_mapped                                249    626.962   276.581      903.543 
    u_ldst_buf            reg_wr_buffer_WIDTH8_ADDR_WIDTH5_DEPTH8_mapped                                                233    598.500   266.863      865.363 
      fifo_track          fifo_ctrl_credit_els_p8_mapped                                                                 49     98.420    44.688      143.108 
  genblk2[10].u_wr_ctrl   dice_wr_ctrl_bank_WIDTH8_DEPTH32_ADDR_WIDTH5_BUF_DEPTH8_10_mapped                              53     84.854    41.013      125.867 
    u_ldst_buf            reg_wr_buffer_WIDTH8_ADDR_WIDTH5_DEPTH8_10_mapped                                              37     64.904    39.393      104.297 
      fifo_track          fifo_ctrl_credit_els_p8_10_mapped                                                              33     62.244    33.765       96.009 
  genblk2[11].u_wr_ctrl   dice_wr_ctrl_bank_WIDTH8_DEPTH32_ADDR_WIDTH5_BUF_DEPTH8_11_mapped                              53     84.854    41.013      125.867 
    u_ldst_buf            reg_wr_buffer_WIDTH8_ADDR_WIDTH5_DEPTH8_11_mapped                                              37     64.904    39.393      104.297 
      fifo_track          fifo_ctrl_credit_els_p8_11_mapped                                                              33     62.244    33.765       96.009 
  genblk2[12].u_wr_ctrl   dice_wr_ctrl_bank_WIDTH8_DEPTH32_ADDR_WIDTH5_BUF_DEPTH8_12_mapped                              53     84.854    41.013      125.867 
    u_ldst_buf            reg_wr_buffer_WIDTH8_ADDR_WIDTH5_DEPTH8_12_mapped                                              37     64.904    39.393      104.297 
      fifo_track          fifo_ctrl_credit_els_p8_12_mapped                                                              33     62.244    33.765       96.009 
  genblk2[13].u_wr_ctrl   dice_wr_ctrl_bank_WIDTH8_DEPTH32_ADDR_WIDTH5_BUF_DEPTH8_13_mapped                              53     84.854    41.013      125.867 
    u_ldst_buf            reg_wr_buffer_WIDTH8_ADDR_WIDTH5_DEPTH8_13_mapped                                              37     64.904    39.393      104.297 
      fifo_track          fifo_ctrl_credit_els_p8_13_mapped                                                              33     62.244    33.765       96.009 
  genblk2[14].u_wr_ctrl   dice_wr_ctrl_bank_WIDTH8_DEPTH32_ADDR_WIDTH5_BUF_DEPTH8_14_mapped                              53     84.854    41.013      125.867 
    u_ldst_buf            reg_wr_buffer_WIDTH8_ADDR_WIDTH5_DEPTH8_14_mapped                                              37     64.904    39.393      104.297 
      fifo_track          fifo_ctrl_credit_els_p8_14_mapped                                                              33     62.244    33.765       96.009 
  genblk2[15].u_wr_ctrl   dice_wr_ctrl_bank_WIDTH8_DEPTH32_ADDR_WIDTH5_BUF_DEPTH8_15_mapped                              53     84.854    41.013      125.867 
    u_ldst_buf            reg_wr_buffer_WIDTH8_ADDR_WIDTH5_DEPTH8_15_mapped                                              37     64.904    39.393      104.297 
      fifo_track          fifo_ctrl_credit_els_p8_15_mapped                                                              33     62.244    33.765       96.009 
  genblk2[1].u_wr_ctrl    dice_wr_ctrl_bank_WIDTH8_DEPTH32_ADDR_WIDTH5_BUF_DEPTH8_1_mapped                               53     84.854    41.013      125.867 
    u_ldst_buf            reg_wr_buffer_WIDTH8_ADDR_WIDTH5_DEPTH8_1_mapped                                               37     64.904    39.393      104.297 
      fifo_track          fifo_ctrl_credit_els_p8_1_mapped                                                               33     62.244    33.765       96.009 
  genblk2[2].u_wr_ctrl    dice_wr_ctrl_bank_WIDTH8_DEPTH32_ADDR_WIDTH5_BUF_DEPTH8_2_mapped                               53     84.854    41.013      125.867 
    u_ldst_buf            reg_wr_buffer_WIDTH8_ADDR_WIDTH5_DEPTH8_2_mapped                                               37     64.904    39.393      104.297 
      fifo_track          fifo_ctrl_credit_els_p8_2_mapped                                                               33     62.244    33.765       96.009 
  genblk2[3].u_wr_ctrl    dice_wr_ctrl_bank_WIDTH8_DEPTH32_ADDR_WIDTH5_BUF_DEPTH8_3_mapped                               53     84.854    41.013      125.867 
    u_ldst_buf            reg_wr_buffer_WIDTH8_ADDR_WIDTH5_DEPTH8_3_mapped                                               37     64.904    39.393      104.297 
      fifo_track          fifo_ctrl_credit_els_p8_3_mapped                                                               33     62.244    33.765       96.009 
  genblk2[4].u_wr_ctrl    dice_wr_ctrl_bank_WIDTH8_DEPTH32_ADDR_WIDTH5_BUF_DEPTH8_4_mapped                               53     84.854    41.013      125.867 
    u_ldst_buf            reg_wr_buffer_WIDTH8_ADDR_WIDTH5_DEPTH8_4_mapped                                               37     64.904    39.393      104.297 
      fifo_track          fifo_ctrl_credit_els_p8_4_mapped                                                               33     62.244    33.765       96.009 
  genblk2[5].u_wr_ctrl    dice_wr_ctrl_bank_WIDTH8_DEPTH32_ADDR_WIDTH5_BUF_DEPTH8_5_mapped                               53     84.854    41.013      125.867 
    u_ldst_buf            reg_wr_buffer_WIDTH8_ADDR_WIDTH5_DEPTH8_5_mapped                                               37     64.904    39.393      104.297 
      fifo_track          fifo_ctrl_credit_els_p8_5_mapped                                                               33     62.244    33.765       96.009 
  genblk2[6].u_wr_ctrl    dice_wr_ctrl_bank_WIDTH8_DEPTH32_ADDR_WIDTH5_BUF_DEPTH8_6_mapped                               53     84.854    41.013      125.867 
    u_ldst_buf            reg_wr_buffer_WIDTH8_ADDR_WIDTH5_DEPTH8_6_mapped                                               37     64.904    39.393      104.297 
      fifo_track          fifo_ctrl_credit_els_p8_6_mapped                                                               33     62.244    33.765       96.009 
  genblk2[7].u_wr_ctrl    dice_wr_ctrl_bank_WIDTH8_DEPTH32_ADDR_WIDTH5_BUF_DEPTH8_7_mapped                               53     84.854    41.013      125.867 
    u_ldst_buf            reg_wr_buffer_WIDTH8_ADDR_WIDTH5_DEPTH8_7_mapped                                               37     64.904    39.393      104.297 
      fifo_track          fifo_ctrl_credit_els_p8_7_mapped                                                               33     62.244    33.765       96.009 
  genblk2[8].u_wr_ctrl    dice_wr_ctrl_bank_WIDTH8_DEPTH32_ADDR_WIDTH5_BUF_DEPTH8_8_mapped                               53     84.854    41.013      125.867 
    u_ldst_buf            reg_wr_buffer_WIDTH8_ADDR_WIDTH5_DEPTH8_8_mapped                                               37     64.904    39.393      104.297 
      fifo_track          fifo_ctrl_credit_els_p8_8_mapped                                                               33     62.244    33.765       96.009 
  genblk2[9].u_wr_ctrl    dice_wr_ctrl_bank_WIDTH8_DEPTH32_ADDR_WIDTH5_BUF_DEPTH8_9_mapped                               53     84.854    41.013      125.867 
    u_ldst_buf            reg_wr_buffer_WIDTH8_ADDR_WIDTH5_DEPTH8_9_mapped                                               37     64.904    39.393      104.297 
      fifo_track          fifo_ctrl_credit_els_p8_9_mapped                                                               33     62.244    33.765       96.009 
  read_org                dice_read_org_NUM_PORTS16_DATA_WIDTH8_NUM_TID32_TID_WIDTH5_DEPTH32_ADDR_WIDTH5_mapped         255    260.946   280.630      541.576 
  registers               dice_register_file_mapped                                                                    9806  27221.110  9581.868    36802.978 
    gen_bank[0].bank_ram  dice_ram_1w1r_DATA_WIDTH8_DEPTH32_ADDR_WIDTH5_mapped                                          688   1915.998   660.128     2576.126 
    gen_bank[10].bank_ram dice_ram_1w1r_DATA_WIDTH8_DEPTH32_ADDR_WIDTH5_10_mapped                                       611   1688.834   597.373     2286.207 
    gen_bank[11].bank_ram dice_ram_1w1r_DATA_WIDTH8_DEPTH32_ADDR_WIDTH5_11_mapped                                       611   1688.834   597.373     2286.207 
    gen_bank[12].bank_ram dice_ram_1w1r_DATA_WIDTH8_DEPTH32_ADDR_WIDTH5_12_mapped                                       611   1689.366   596.584     2285.950 
    gen_bank[13].bank_ram dice_ram_1w1r_DATA_WIDTH8_DEPTH32_ADDR_WIDTH5_13_mapped                                       609   1688.036   595.753     2283.789 
    gen_bank[14].bank_ram dice_ram_1w1r_DATA_WIDTH8_DEPTH32_ADDR_WIDTH5_14_mapped                                       604   1684.844   591.704     2276.548 
    gen_bank[15].bank_ram dice_ram_1w1r_DATA_WIDTH8_DEPTH32_ADDR_WIDTH5_15_mapped                                       610   1688.302   596.563     2284.865 
    gen_bank[1].bank_ram  dice_ram_1w1r_DATA_WIDTH8_DEPTH32_ADDR_WIDTH5_1_mapped                                        608   1686.972   594.943     2281.915 
    gen_bank[2].bank_ram  dice_ram_1w1r_DATA_WIDTH8_DEPTH32_ADDR_WIDTH5_2_mapped                                        608   1686.972   594.943     2281.915 
    gen_bank[3].bank_ram  dice_ram_1w1r_DATA_WIDTH8_DEPTH32_ADDR_WIDTH5_3_mapped                                        604   1684.844   591.704     2276.548 
    gen_bank[4].bank_ram  dice_ram_1w1r_DATA_WIDTH8_DEPTH32_ADDR_WIDTH5_4_mapped                                        608   1686.972   594.943     2281.915 
    gen_bank[5].bank_ram  dice_ram_1w1r_DATA_WIDTH8_DEPTH32_ADDR_WIDTH5_5_mapped                                        608   1686.972   594.943     2281.915 
    gen_bank[6].bank_ram  dice_ram_1w1r_DATA_WIDTH8_DEPTH32_ADDR_WIDTH5_6_mapped                                        608   1686.972   594.943     2281.915 
    gen_bank[7].bank_ram  dice_ram_1w1r_DATA_WIDTH8_DEPTH32_ADDR_WIDTH5_7_mapped                                        608   1686.972   594.943     2281.915 
    gen_bank[8].bank_ram  dice_ram_1w1r_DATA_WIDTH8_DEPTH32_ADDR_WIDTH5_8_mapped                                        605   1685.110   592.514     2277.624 
    gen_bank[9].bank_ram  dice_ram_1w1r_DATA_WIDTH8_DEPTH32_ADDR_WIDTH5_9_mapped                                        605   1685.110   592.514     2277.624 
