============================================================
  Generated by:           Genus(TM) Synthesis Solution 25.10-p002_1
  Generated on:           Feb 26 2026  04:46:48 pm
  Module:                 dice_rf_ctrl
  Operating conditions:   slow 
  Interconnect mode:      global
  Area mode:              physical library
============================================================


Path 1: MET (14966 ps) Clock Gating Setup Check at cgic pin registers/gen_bank[2].bank_ram/CKG_RC_CG_HIER_INST243/RC_CGIC_INST/E
           View: SS.setup_view
          Group: cg_enable_group_clk
     Startpoint: (R) genblk2[0].u_wr_ctrl/u_ldst_buf/fifo_track/rptr_r_reg[0]/CK
          Clock: (R) clk
       Endpoint: (R) registers/gen_bank[2].bank_ram/CKG_RC_CG_HIER_INST243/RC_CGIC_INST/E
          Clock: (R) clk

                     Capture       Launch     
        Clock Edge:+   20000            0     
       Src Latency:+       0            0     
       Net Latency:+       0 (I)        0 (I) 
           Arrival:=   20000            0     
                                              
  Gate Check Setup:-     292                  
       Uncertainty:-     400                  
     Required Time:=   19308                  
      Launch Clock:-       0                  
         Data Path:-    4342                  
             Slack:=   14966                  

#--------------------------------------------------------------------------------------------------------------------------------------------------
#                            Timing Point                              Flags    Arc   Edge     Cell       Fanout Load Trans Delay Arrival Instance 
#                                                                                                                (fF)  (ps)  (ps)   (ps)  Location 
#--------------------------------------------------------------------------------------------------------------------------------------------------
  genblk2[0].u_wr_ctrl/u_ldst_buf/fifo_track/rptr_r_reg[0]/CK          -       -      R     (arrival)          3    -   400     0       0    (-,-) 
  genblk2[0].u_wr_ctrl/u_ldst_buf/fifo_track/rptr_r_reg[0]/Q           -       CK->Q  R     DFF_X1             9 22.8   194   570     570    (-,-) 
  genblk2[0].u_wr_ctrl/u_ldst_buf/g3810/ZN                             -       A->ZN  F     INV_X1             2  4.9    49    74     644    (-,-) 
  genblk2[0].u_wr_ctrl/u_ldst_buf/g3736__4319/ZN                       -       A2->ZN R     NOR2_X1           10 22.6   428   527    1170    (-,-) 
  genblk2[0].u_wr_ctrl/u_ldst_buf/g3679__5115/ZN                       -       B1->ZN F     AOI22_X1           1  2.8   113   145    1316    (-,-) 
  genblk2[0].u_wr_ctrl/u_ldst_buf/g3663__2398/ZN                       -       A->ZN  R     OAI221_X1          1  2.9   148   136    1452    (-,-) 
  genblk2[0].u_wr_ctrl/u_ldst_buf/g3656__9945/ZN                       -       A->ZN  F     AOI221_X1          1  2.8    61    77    1529    (-,-) 
  genblk2[0].u_wr_ctrl/u_ldst_buf/g3643__1617/ZN                       -       A->ZN  R     OAI221_X1          1  2.9   148   105    1634    (-,-) 
  genblk2[0].u_wr_ctrl/g478__4319/Z                                    -       A->Z   R     MUX2_X2           33 81.2   340   496    2130    (-,-) 
  g17523/ZN                                                            -       A1->ZN F     NOR2_X1            1  4.3    99    82    2212    (-,-) 
  g17521/S                                                             -       A->S   R     HA_X1              8 19.3   395   479    2691    (-,-) 
  shift_bitmap_251_21:srl_99_44_g1538/ZN                               -       A->ZN  F     INV_X1             3  6.4    89   104    2794    (-,-) 
  shift_bitmap_251_21:srl_99_44_g1535/ZN                               -       A2->ZN R     NOR2_X1            8 17.9   345   455    3249    (-,-) 
  shift_bitmap_251_21:srl_99_44_g1477/ZN                               -       C1->ZN F     AOI222_X1          1  2.8   134   166    3415    (-,-) 
  shift_bitmap_251_21:srl_99_44_g1476/ZN                               -       A->ZN  R     INV_X1             1  2.9    53   109    3524    (-,-) 
  g18411/ZN                                                            -       A->ZN  F     AOI21_X1           1  2.7    72    46    3570    (-,-) 
  g18404/ZN                                                            -       A->ZN  R     OAI21_X1           2  5.2   132   127    3697    (-,-) 
  registers/gen_bank[2].bank_ram/g1334/ZN                              -       A->ZN  F     INV_X1             1  2.7    32    48    3745    (-,-) 
  registers/gen_bank[2].bank_ram/g1327/ZN                              -       A1->ZN R     NOR2_X1            2  5.2   121   160    3904    (-,-) 
  registers/gen_bank[2].bank_ram/g1319/ZN                              -       A1->ZN F     NAND2_X1           2  4.9    47    88    3992    (-,-) 
  registers/gen_bank[2].bank_ram/g1310/ZN                              -       A1->ZN R     NOR2_X1            3  6.1   137   184    4176    (-,-) 
  registers/gen_bank[2].bank_ram/g1308/ZN                              -       A->ZN  F     INV_X1             2  4.8    38    64    4240    (-,-) 
  registers/gen_bank[2].bank_ram/g1291/ZN                              -       A1->ZN R     NOR2_X1            1  2.2    69   103    4342    (-,-) 
  registers/gen_bank[2].bank_ram/CKG_RC_CG_HIER_INST243/RC_CGIC_INST/E <<<     -      R     CLKGATETST_X1      1    -     -     0    4342    (-,-) 
#--------------------------------------------------------------------------------------------------------------------------------------------------


