============================================================
  Generated by:           Genus(TM) Synthesis Solution 25.10-p002_1
  Generated on:           Feb 26 2026  04:46:50 pm
  Operating conditions:   slow 
  Interconnect mode:      global
  Area mode:              physical library
============================================================

                                     Leakage                         Library 
     Gate      Instances    Area   Power (mW)         Library         Domain 
-----------------------------------------------------------------------------
AND2_X1              377   401.128      0.005 NangateOpenCellLibrary       0 
AND3_X1               13    17.290      0.000 NangateOpenCellLibrary       0 
AND4_X1              244   389.424      0.007 NangateOpenCellLibrary       0 
AOI211_X1              1     1.330      0.000 NangateOpenCellLibrary       0 
AOI21_X1               9     9.576      0.000 NangateOpenCellLibrary       0 
AOI221_X1            276   440.496      0.007 NangateOpenCellLibrary       0 
AOI222_X1             24    51.072      0.001 NangateOpenCellLibrary       0 
AOI22_X1            1871  2488.430      0.026 NangateOpenCellLibrary       0 
CLKGATETST_X1        538  2146.620      0.024 NangateOpenCellLibrary       0 
DFF_X1              4612 20855.464      0.248 NangateOpenCellLibrary       0 
HA_X1                  6    15.960      0.000 NangateOpenCellLibrary       0 
INV_X1               800   425.600      0.008 NangateOpenCellLibrary       0 
MUX2_X1              100   186.200      0.002 NangateOpenCellLibrary       0 
MUX2_X2                1     2.394      0.000 NangateOpenCellLibrary       0 
NAND2_X1             687   548.226      0.008 NangateOpenCellLibrary       0 
NAND3_X1              23    24.472      0.000 NangateOpenCellLibrary       0 
NAND4_X1             256   340.480      0.009 NangateOpenCellLibrary       0 
NOR2_X1             1225   977.550      0.013 NangateOpenCellLibrary       0 
NOR3_X1                6     6.384      0.000 NangateOpenCellLibrary       0 
NOR4_X1               41    54.530      0.001 NangateOpenCellLibrary       0 
OAI211_X1              6     7.980      0.000 NangateOpenCellLibrary       0 
OAI21_X1              70    74.480      0.001 NangateOpenCellLibrary       0 
OAI221_X1             22    35.112      0.001 NangateOpenCellLibrary       0 
OAI222_X1              1     2.128      0.000 NangateOpenCellLibrary       0 
OAI22_X1              13    17.290      0.000 NangateOpenCellLibrary       0 
OR2_X1               135   143.640      0.002 NangateOpenCellLibrary       0 
OR3_X1                 1     1.330      0.000 NangateOpenCellLibrary       0 
OR4_X1                 5     7.980      0.000 NangateOpenCellLibrary       0 
XNOR2_X1              98   156.408      0.002 NangateOpenCellLibrary       0 
XOR2_X1                6     9.576      0.000 NangateOpenCellLibrary       0 
XOR2_X2                1     2.394      0.000 NangateOpenCellLibrary       0 
-----------------------------------------------------------------------------
total              11468 29840.944      0.367                                
                                                          Leakage  Leakage 
            Type             Instances    Area   Area % Power (mW) Power % 
---------------------------------------------------------------------------
sequential                        4612 20855.464   69.9      0.248    67.8 
inverter                           800   425.600    1.4      0.008     2.2 
clock_gating_integrated_cell       538  2146.620    7.2      0.024     6.5 
logic_abstract                       8     0.000    0.0      0.000     0.0 
logic                             5518  6413.260   21.5      0.086    23.5 
physical_cells                       0     0.000    0.0      0.000     0.0 
---------------------------------------------------------------------------
total                            11476 29840.944  100.0      0.367   100.0 
