============================================================
  Generated by:           Genus(TM) Synthesis Solution 25.10-p002_1
  Generated on:           Feb 26 2026  04:46:50 pm
  Module:                 dice_rf_ctrl
  Operating conditions:   slow 
  Interconnect mode:      global
  Area mode:              physical library
============================================================

Timing
--------

Analysis view Clock  Period 
----------------------------
SS.setup_view clk   20000.0 


   Analysis           Cost         Critical        Violating 
     View            Group        Path Slack  TNS    Paths   
-------------------------------------------------------------
SS.setup_view cg_enable_group_clk    14965.6  0.0          0 
                              clk    15958.3  0.0          0 
                          default   No paths  0.0          0 
-------------------------------------------------------------
Total                                        -0.0          0 
                                                             

Instance Count
--------------
Leaf Instance Count             11468 
Physical Instance count             0 
Sequential Instance Count        5150 
Combinational Instance Count     6318 
Hierarchical Instance Count       612 

Area
----
Cell Area                          29840.944
Physical Cell Area                 0.000
Total Cell Area (Cell+Physical)    29840.944
Net Area                           14414.864
Total Area (Cell+Physical+Net)     44255.808

Runtime                            0.0 seconds
Elapsed Runtime                    159 seconds
Genus peak memory usage            2405.60 
Innovus peak memory usage          no_value 
Hostname                           squire.ece.uw.edu
