

Working Directory = /data/amanoj3/Mini_Dice/rtl/cgra_core/cgra_subsystem/regfile/build
QoS Summary for dice_rf_ctrl
================================================================================
Metric                          final          
================================================================================
Slack (ps):                    14,966
  R2R (ps):                    17,196
  I2R (ps):                    15,958
  R2O (ps):                    17,776
  I2O (ps):                    19,600
  CG  (ps):                    14,966
TNS (ps):                           0
  R2R (ps):                         0
  I2R (ps):                         0
  R2O (ps):                         0
  I2O (ps):                         0
  CG  (ps):                         0
Failing Paths:                      0
Leakage Power (mW):             0.367
Cell Area:                     29,841
Total Cell Area:               29,841
Leaf Instances:                11,468
Total Instances:               11,468
Utilization (%):                 0.00
Tot. Net Length (um):        no_value
Avg. Net Length (um):        no_value
Route Overflow H (%):        no_value
Route Overflow V (%):        no_value
MBCI(%) (bits/gate) :            0.00
Norm Cong Hotspot Area:
  Max Cong:                  no_value
  Tot Cong:                  no_value
================================================================================
CPU  Runtime (h:m:s):        00:04:46
Real Runtime (h:m:s):        00:02:34
CPU  Elapsed (h:m:s):        00:04:49
Real Elapsed (h:m:s):        00:02:35
Memory (MB):                  2405.60
================================================================================
================================================================================
Flow Settings:
================================================================================
Total Runtime (h:m:s): 00:02:35
Total Memory (MB):     2405.60
Executable Version:    25.10-p002_1
================================================================================
Total Cell Area =  Cell Area + Physical Cell Area
Total Instances =  Leaf Instances + Physical Instances


