[2026-02-22 01:06:13.834478] |==============================================================================|
[2026-02-22 01:06:13.834635] |=========                      OpenRAM v1.2.48                       =========|
[2026-02-22 01:06:13.834672] |=========                                                            =========|
[2026-02-22 01:06:13.834697] |=========               VLSI Design and Automation Lab               =========|
[2026-02-22 01:06:13.834720] |=========        Computer Science and Engineering Department         =========|
[2026-02-22 01:06:13.834742] |=========            University of California Santa Cruz             =========|
[2026-02-22 01:06:13.834763] |=========                                                            =========|
[2026-02-22 01:06:13.834785] |=========          Usage help: openram-user-group@ucsc.edu           =========|
[2026-02-22 01:06:13.834806] |=========        Development help: openram-dev-group@ucsc.edu        =========|
[2026-02-22 01:06:13.834826] |=========                See LICENSE for license info                =========|
[2026-02-22 01:06:13.834847] |==============================================================================|
[2026-02-22 01:06:13.834873] ** Start: 02/22/2026 01:06:13
[2026-02-22 01:06:13.834897] Technology: freepdk45
[2026-02-22 01:06:13.834921] Total size: 16384 bits
[2026-02-22 01:06:13.834948] Word size: 32
Words: 512
Banks: 1
[2026-02-22 01:06:13.834971] RW ports: 1
R-only ports: 0
W-only ports: 0
[2026-02-22 01:06:13.834993] DRC/LVS/PEX is only run on the top-level design to save run-time (inline_lvsdrc=True to do inline checking).
[2026-02-22 01:06:13.835015] DRC/LVS/PEX is disabled (check_lvsdrc=True to enable).
[2026-02-22 01:06:13.835035] Characterization is disabled (using analytical delay models) (analytical_delay=False to simulate).
[2026-02-22 01:06:13.835058] Words per row: None
[2026-02-22 01:06:13.835085] Output files are: 
[2026-02-22 01:06:13.835114] /data/amanoj3/vortex4dice/dice_new/rtl/cgra_core/cgra_subsystem/regfile/temp/sram_512x32.lvs
[2026-02-22 01:06:13.835137] /data/amanoj3/vortex4dice/dice_new/rtl/cgra_core/cgra_subsystem/regfile/temp/sram_512x32.sp
[2026-02-22 01:06:13.835158] /data/amanoj3/vortex4dice/dice_new/rtl/cgra_core/cgra_subsystem/regfile/temp/sram_512x32.v
[2026-02-22 01:06:13.835178] /data/amanoj3/vortex4dice/dice_new/rtl/cgra_core/cgra_subsystem/regfile/temp/sram_512x32.lib
[2026-02-22 01:06:13.835198] /data/amanoj3/vortex4dice/dice_new/rtl/cgra_core/cgra_subsystem/regfile/temp/sram_512x32.py
[2026-02-22 01:06:13.835217] /data/amanoj3/vortex4dice/dice_new/rtl/cgra_core/cgra_subsystem/regfile/temp/sram_512x32.html
[2026-02-22 01:06:13.835239] /data/amanoj3/vortex4dice/dice_new/rtl/cgra_core/cgra_subsystem/regfile/temp/sram_512x32.log
[2026-02-22 01:06:13.835260] /data/amanoj3/vortex4dice/dice_new/rtl/cgra_core/cgra_subsystem/regfile/temp/sram_512x32.lef
[2026-02-22 01:06:13.835279] /data/amanoj3/vortex4dice/dice_new/rtl/cgra_core/cgra_subsystem/regfile/temp/sram_512x32.gds
[2026-02-22 01:07:37.825929] ** Submodules: 84.0 seconds
[2026-02-22 01:07:37.846773] ** Placement: 0.0 seconds
[2026-02-22 01:14:49.282078] ** Routing: 431.4 seconds
[2026-02-22 01:14:49.288951] ** Verification: 0.0 seconds
[2026-02-22 01:14:49.289005] ** SRAM creation: 515.4 seconds
[2026-02-22 01:14:49.289042] SP: Writing to /data/amanoj3/vortex4dice/dice_new/rtl/cgra_core/cgra_subsystem/regfile/temp/sram_512x32.sp
[2026-02-22 01:14:49.462339] ** Spice writing: 0.2 seconds
[2026-02-22 01:14:49.462416] DELAY: Writing stimulus...
[2026-02-22 01:14:50.236670] ** DELAY: 0.8 seconds
[2026-02-22 01:14:50.382049] GDS: Writing to /data/amanoj3/vortex4dice/dice_new/rtl/cgra_core/cgra_subsystem/regfile/temp/sram_512x32.gds
[2026-02-22 01:14:50.795523] ** GDS: 0.4 seconds
[2026-02-22 01:14:50.795630] LEF: Writing to /data/amanoj3/vortex4dice/dice_new/rtl/cgra_core/cgra_subsystem/regfile/temp/sram_512x32.lef
[2026-02-22 01:14:50.808023] ** LEF: 0.0 seconds
[2026-02-22 01:14:50.808073] LVS: Writing to /data/amanoj3/vortex4dice/dice_new/rtl/cgra_core/cgra_subsystem/regfile/temp/sram_512x32.lvs.sp
[2026-02-22 01:14:50.950510] ** LVS writing: 0.1 seconds
[2026-02-22 01:14:50.950614] LIB: Characterizing... 
[2026-02-22 01:14:52.280770] WARNING: file lib.py: line 778: Failed to retrieve git id

[2026-02-22 01:14:53.515741] WARNING: file lib.py: line 778: Failed to retrieve git id

[2026-02-22 01:14:54.483596] WARNING: file lib.py: line 778: Failed to retrieve git id

[2026-02-22 01:14:55.455509] WARNING: file lib.py: line 778: Failed to retrieve git id

[2026-02-22 01:14:56.425878] WARNING: file lib.py: line 778: Failed to retrieve git id

[2026-02-22 01:14:57.657817] WARNING: file lib.py: line 778: Failed to retrieve git id

[2026-02-22 01:14:57.658376] ** Characterization: 6.7 seconds
[2026-02-22 01:14:57.658531] Config: Writing to /data/amanoj3/vortex4dice/dice_new/rtl/cgra_core/cgra_subsystem/regfile/temp/sram_512x32.py
[2026-02-22 01:14:57.658566] ** Config: 0.0 seconds
[2026-02-22 01:14:57.659195] Datasheet: Writing to /data/amanoj3/vortex4dice/dice_new/rtl/cgra_core/cgra_subsystem/regfile/temp/sram_512x32.html
[2026-02-22 01:14:57.660034] ** Datasheet: 0.0 seconds
[2026-02-22 01:14:57.660072] Verilog: Writing to /data/amanoj3/vortex4dice/dice_new/rtl/cgra_core/cgra_subsystem/regfile/temp/sram_512x32.v
[2026-02-22 01:14:57.660176] ** Verilog: 0.0 seconds
[2026-02-22 01:14:57.661365] ** End: 523.8 seconds
